<?xml version="1.0" encoding="UTF-8"?>
<testng-results ignored="0" total="1" passed="1" failed="0" skipped="0">
  <reporter-output>
  </reporter-output>
  <suite started-at="2022-08-09T22:07:13Z" name="Default suite" finished-at="2022-08-09T22:07:37Z" duration-ms="23985">
    <groups>
    </groups>
    <test started-at="2022-08-09T22:07:13Z" name="Default test" finished-at="2022-08-09T22:07:37Z" duration-ms="23985">
      <class name="WindowHandle">
        <test-method is-config="true" signature="setUp()[pri:0, instance:WindowHandle@7c1e2a9e]" started-at="2022-08-09T22:07:13Z" name="setUp" finished-at="2022-08-09T22:07:25Z" duration-ms="12669" status="PASS">
          <reporter-output>
          </reporter-output>
        </test-method> <!-- setUp -->
        <test-method signature="windowHandleTest()[pri:0, instance:WindowHandle@7c1e2a9e]" started-at="2022-08-09T22:07:25Z" name="windowHandleTest" finished-at="2022-08-09T22:07:37Z" duration-ms="11250" status="PASS">
          <reporter-output>
          </reporter-output>
        </test-method> <!-- windowHandleTest -->
      </class> <!-- WindowHandle -->
    </test> <!-- Default test -->
  </suite> <!-- Default suite -->
</testng-results>
